  : 0
   : 0
 ! : 588
 " : 588
 # : 132
 $ : 504
 % : 1008
 & : 4182
 ' : 6
 ( : 8658
 ) : 8676
 * : 14982
 + : 168
 , : 8610
 - : 1128
 . : 6300
 / : 6282
 0 : 1188
 1 : 3282
 2 : 1716
 3 : 258
 4 : 198
 5 : 228
 6 : 150
 7 : 138
 8 : 156
 9 : 222
 : : 6606
 ; : 5322
 < : 4992
 = : 3540
 > : 5268
 ? : 78
 @ : 5322
 A : 1254
 B : 234
 C : 1476
 D : 222
 E : 606
 F : 1296
 G : 2028
 H : 90
 I : 3168
 J : 6
 K : 0
 L : 348
 M : 4182
 N : 2010
 O : 120
 P : 240
 Q : 0
 R : 4590
 S : 804
 T : 6102
 U : 2382
 V : 36
 W : 90
 X : 150
 Y : 42
 Z : 18
 [ : 162
 \ : 534
 ] : 144
 ^ : 180
 _ : 59682
 ` : 0
 a : 47436
 b : 15456
 c : 11382
 d : 20976
 e : 75942
 f : 12030
 g : 8754
 h : 8868
 i : 39744
 j : 354
 k : 528
 l : 15714
 m : 26250
 n : 44472
 o : 34038
 p : 29010
 q : 1446
 r : 57168
 s : 32868
 t : 66312
 u : 22728
 v : 3300
 w : 3954
 x : 3822
 y : 11658
 z : 960
 { : 4032
 | : 102
 } : 4032
 ~ : 6
  : 0
Amount of time = 22[ms]
